<?xml version="1.0" encoding="UTF-8"?>
<coverage generated="1727963092138" clover="3.2.0">
  <project timestamp="1727963092139" name="All files">
    <metrics statements="15" coveredstatements="15" conditionals="12" coveredconditionals="10" methods="9" coveredmethods="3" elements="36" coveredelements="28" complexity="0" loc="15" ncloc="15" packages="1" files="2" classes="2"/>
    <file name="FigureCalculator.js" path="C:\DevLabs\WebProjects\dcd-mathbasic-api\src\FigureCalculator.js">
      <metrics statements="7" coveredstatements="7" conditionals="6" coveredconditionals="4" methods="5" coveredmethods="2"/>
      <line num="3" count="3" type="stmt"/>
      <line num="7" count="6" type="cond" truecount="2" falsecount="0"/>
      <line num="8" count="3" type="stmt"/>
      <line num="11" count="3" type="stmt"/>
      <line num="14" count="3" type="cond" truecount="2" falsecount="2"/>
      <line num="15" count="3" type="stmt"/>
      <line num="24" count="1" type="stmt"/>
    </file>
    <file name="MathBasic.js" path="C:\DevLabs\WebProjects\dcd-mathbasic-api\src\MathBasic.js">
      <metrics statements="8" coveredstatements="8" conditionals="6" coveredconditionals="6" methods="4" coveredmethods="1"/>
      <line num="1" count="1" type="stmt"/>
      <line num="3" count="10" type="cond" truecount="2" falsecount="0"/>
      <line num="4" count="4" type="stmt"/>
      <line num="7" count="6" type="stmt"/>
      <line num="9" count="6" type="cond" truecount="4" falsecount="0"/>
      <line num="10" count="3" type="stmt"/>
      <line num="13" count="3" type="stmt"/>
      <line num="26" count="1" type="stmt"/>
    </file>
  </project>
</coverage>
