<?xml version="1.0" encoding="UTF-8"?>
<coverage generated="1727962468547" clover="3.2.0">
  <project timestamp="1727962468547" name="All files">
    <metrics statements="12" coveredstatements="12" conditionals="8" coveredconditionals="7" methods="9" coveredmethods="3" elements="29" coveredelements="22" complexity="0" loc="12" ncloc="12" packages="1" files="2" classes="2"/>
    <file name="FigureCalculator.js" path="C:\DevLabs\WebProjects\dcd-mathbasic-api\src\FigureCalculator.js">
      <metrics statements="4" coveredstatements="4" conditionals="2" coveredconditionals="1" methods="5" coveredmethods="2"/>
      <line num="3" count="2" type="stmt"/>
      <line num="7" count="3" type="cond" truecount="1" falsecount="1"/>
      <line num="8" count="3" type="stmt"/>
      <line num="17" count="1" type="stmt"/>
    </file>
    <file name="MathBasic.js" path="C:\DevLabs\WebProjects\dcd-mathbasic-api\src\MathBasic.js">
      <metrics statements="8" coveredstatements="8" conditionals="6" coveredconditionals="6" methods="4" coveredmethods="1"/>
      <line num="1" count="1" type="stmt"/>
      <line num="3" count="10" type="cond" truecount="2" falsecount="0"/>
      <line num="4" count="4" type="stmt"/>
      <line num="7" count="6" type="stmt"/>
      <line num="9" count="6" type="cond" truecount="4" falsecount="0"/>
      <line num="10" count="3" type="stmt"/>
      <line num="13" count="3" type="stmt"/>
      <line num="26" count="1" type="stmt"/>
    </file>
  </project>
</coverage>
