{"C:\\DevLabs\\WebProjects\\dcd-mathbasic-api\\src\\MathBasic.js": {"path":"C:\\DevLabs\\WebProjects\\dcd-mathbasic-api\\src\\MathBasic.js","statementMap":{"0":{"start":{"line":1,"column":18},"end":{"line":24,"column":1}},"1":{"start":{"line":3,"column":8},"end":{"line":5,"column":9}},"2":{"start":{"line":4,"column":12},"end":{"line":4,"column":66}},"3":{"start":{"line":7,"column":23},"end":{"line":7,"column":27}},"4":{"start":{"line":9,"column":8},"end":{"line":11,"column":9}},"5":{"start":{"line":10,"column":12},"end":{"line":10,"column":69}},"6":{"start":{"line":13,"column":8},"end":{"line":13,"column":20}},"7":{"start":{"line":26,"column":0},"end":{"line":26,"column":26}}},"fnMap":{"0":{"name":"(anonymous_0)","decl":{"start":{"line":2,"column":9},"end":{"line":2,"column":10}},"loc":{"start":{"line":2,"column":22},"end":{"line":14,"column":5}},"line":2},"1":{"name":"subtract","decl":{"start":{"line":15,"column":23},"end":{"line":15,"column":31}},"loc":{"start":{"line":15,"column":34},"end":{"line":17,"column":5}},"line":15},"2":{"name":"multiply","decl":{"start":{"line":18,"column":23},"end":{"line":18,"column":31}},"loc":{"start":{"line":18,"column":34},"end":{"line":20,"column":5}},"line":18},"3":{"name":"divide","decl":{"start":{"line":21,"column":21},"end":{"line":21,"column":27}},"loc":{"start":{"line":21,"column":30},"end":{"line":23,"column":5}},"line":21}},"branchMap":{"0":{"loc":{"start":{"line":3,"column":8},"end":{"line":5,"column":9}},"type":"if","locations":[{"start":{"line":3,"column":8},"end":{"line":5,"column":9}},{"start":{},"end":{}}],"line":3},"1":{"loc":{"start":{"line":9,"column":8},"end":{"line":11,"column":9}},"type":"if","locations":[{"start":{"line":9,"column":8},"end":{"line":11,"column":9}},{"start":{},"end":{}}],"line":9},"2":{"loc":{"start":{"line":9,"column":12},"end":{"line":9,"column":57}},"type":"binary-expr","locations":[{"start":{"line":9,"column":12},"end":{"line":9,"column":33}},{"start":{"line":9,"column":37},"end":{"line":9,"column":57}}],"line":9}},"s":{"0":1,"1":10,"2":4,"3":6,"4":6,"5":3,"6":3,"7":1},"f":{"0":10,"1":0,"2":0,"3":0},"b":{"0":[4,6],"1":[3,3],"2":[6,3]},"_coverageSchema":"1a1c01bbd47fc00a2c39e90264f33305004495a9","hash":"1dccc71b676883469201132aa99b55bddc15f89d"}
}
