TN:
SF:src\FigureCalculator.js
FN:2,(anonymous_0)
FN:6,(anonymous_1)
FN:19,(anonymous_2)
FN:20,(anonymous_3)
FN:21,(anonymous_4)
FNF:5
FNH:2
FNDA:3,(anonymous_0)
FNDA:6,(anonymous_1)
FNDA:0,(anonymous_2)
FNDA:0,(anonymous_3)
FNDA:0,(anonymous_4)
DA:3,3
DA:7,6
DA:8,3
DA:11,3
DA:14,3
DA:15,3
DA:24,1
LF:7
LH:7
BRDA:7,0,0,3
BRDA:7,0,1,3
BRDA:14,1,0,3
BRDA:14,1,1,0
BRDA:14,2,0,3
BRDA:14,2,1,0
BRF:6
BRH:4
end_of_record
TN:
SF:src\MathBasic.js
FN:2,(anonymous_0)
FN:15,subtract
FN:18,multiply
FN:21,divide
FNF:4
FNH:1
FNDA:10,(anonymous_0)
FNDA:0,subtract
FNDA:0,multiply
FNDA:0,divide
DA:1,1
DA:3,10
DA:4,4
DA:7,6
DA:9,6
DA:10,3
DA:13,3
DA:26,1
LF:8
LH:8
BRDA:3,0,0,4
BRDA:3,0,1,6
BRDA:9,1,0,3
BRDA:9,1,1,3
BRDA:9,2,0,6
BRDA:9,2,1,3
BRF:6
BRH:6
end_of_record
